<?xml version="1.0" encoding="UTF-8"?>
<testng-results skipped="0" failed="0" ignored="0" total="1" passed="1">
  <reporter-output>
  </reporter-output>
  <suite name="Default suite" duration-ms="20292" started-at="2018-12-09T14:15:31Z" finished-at="2018-12-09T14:15:52Z">
    <groups>
    </groups>
    <test name="Default test" duration-ms="20292" started-at="2018-12-09T14:15:31Z" finished-at="2018-12-09T14:15:52Z">
      <class name="pages.LoginPage">
        <test-method status="PASS" signature="openBrowser()[pri:0, instance:pages.LoginPage@68be2bc2]" name="openBrowser" is-config="true" duration-ms="11171" started-at="2018-12-09T09:15:31Z" finished-at="2018-12-09T09:15:43Z">
          <reporter-output>
          </reporter-output>
        </test-method> <!-- openBrowser -->
        <test-method status="PASS" signature="m1()[pri:0, instance:pages.LoginPage@68be2bc2]" name="m1" duration-ms="9081" started-at="2018-12-09T09:15:43Z" finished-at="2018-12-09T09:15:52Z">
          <reporter-output>
          </reporter-output>
        </test-method> <!-- m1 -->
      </class> <!-- pages.LoginPage -->
    </test> <!-- Default test -->
  </suite> <!-- Default suite -->
</testng-results>
